This is pdfTeX, Version 3.14159265-2.6-1.40.19 (TeX Live 2018/W32TeX) (preloaded format=pdflatex 2019.6.18)  27 SEP 2019 08:10
entering extended mode
 restricted \write18 enabled.
 file:line:error style messages enabled.
 %&-line parsing enabled.
**c:/GIT/MY_WORK/cosmic_rays_emd_Co_WC/article/agujournaltemplate.tex
(c:/GIT/MY_WORK/cosmic_rays_emd_Co_WC/article/agujournaltemplate.tex
LaTeX2e <2018-04-01> patch level 2
Babel <3.18> and hyphenation patterns for 84 language(s) loaded.
(c:/GIT/MY_WORK/cosmic_rays_emd_Co_WC/article/agujournal2019.cls
Document Class: agujournal2019 01/14/2019
(c:/texlive/2018/texmf-dist/tex/latex/graphics/graphicx.sty
Package: graphicx 2017/06/01 v1.1a Enhanced LaTeX Graphics (DPC,SPQR)
 (c:/texlive/2018/texmf-dist/tex/latex/graphics/keyval.sty
Package: keyval 2014/10/28 v1.15 key=value parser (DPC)
\KV@toks@=\toks14
) (c:/texlive/2018/texmf-dist/tex/latex/graphics/graphics.sty
Package: graphics 2017/06/25 v1.2c Standard LaTeX Graphics (DPC,SPQR)
 (c:/texlive/2018/texmf-dist/tex/latex/graphics/trig.sty
Package: trig 2016/01/03 v1.10 sin cos tan (DPC)
) (c:/texlive/2018/texmf-dist/tex/latex/graphics-cfg/graphics.cfg
File: graphics.cfg 2016/06/04 v1.11 sample graphics configuration
)
Package graphics Info: Driver file: pdftex.def on input line 99.
 (c:/texlive/2018/texmf-dist/tex/latex/graphics-def/pdftex.def
File: pdftex.def 2018/01/08 v1.0l Graphics/color driver for pdftex
))
\Gin@req@height=\dimen102
\Gin@req@width=\dimen103
) (c:/texlive/2018/texmf-dist/tex/latex/xcolor/xcolor.sty
Package: xcolor 2016/05/11 v2.12 LaTeX color extensions (UK)
 (c:/texlive/2018/texmf-dist/tex/latex/graphics-cfg/color.cfg
File: color.cfg 2016/01/02 v1.6 sample color configuration
)
Package xcolor Info: Driver file: pdftex.def on input line 225.
Package xcolor Info: Model `cmy' substituted by `cmy0' on input line 1348.
Package xcolor Info: Model `hsb' substituted by `rgb' on input line 1352.
Package xcolor Info: Model `RGB' extended on input line 1364.
Package xcolor Info: Model `HTML' substituted by `rgb' on input line 1366.
Package xcolor Info: Model `Hsb' substituted by `hsb' on input line 1367.
Package xcolor Info: Model `tHsb' substituted by `hsb' on input line 1368.
Package xcolor Info: Model `HSB' substituted by `hsb' on input line 1369.
Package xcolor Info: Model `Gray' substituted by `gray' on input line 1370.
Package xcolor Info: Model `wave' substituted by `hsb' on input line 1371.
) (c:/texlive/2018/texmf-dist/tex/latex/url/url.sty
\Urlmuskip=\muskip10
Package: url 2013/09/16  ver 3.4  Verb mode for urls, etc.
) (c:/texlive/2018/texmf-dist/tex/latex/lineno/lineno.sty
Package: lineno 2005/11/02 line numbers on paragraphs v4.41
\linenopenalty=\count80
\output=\toks15
\linenoprevgraf=\count81
\linenumbersep=\dimen104
\linenumberwidth=\dimen105
\c@linenumber=\count82
\c@pagewiselinenumber=\count83
\c@LN@truepage=\count84
\c@internallinenumber=\count85
\c@internallinenumbers=\count86
\quotelinenumbersep=\dimen106
\bframerule=\dimen107
\bframesep=\dimen108
\bframebox=\box26
LaTeX Info: Redefining \\ on input line 3056.
) (c:/texlive/2018/texmf-dist/tex/latex/tools/indentfirst.sty
Package: indentfirst 1995/11/23 v1.03 Indent first paragraph (DPC)
) (c:/texlive/2018/texmf-dist/tex/latex/ms/ragged2e.sty
Package: ragged2e 2009/05/21 v2.1 ragged2e Package (MS)
 (c:/texlive/2018/texmf-dist/tex/latex/ms/everysel.sty
Package: everysel 2011/10/28 v1.2 EverySelectfont Package (MS)
)
\CenteringLeftskip=\skip41
\RaggedLeftLeftskip=\skip42
\RaggedRightLeftskip=\skip43
\CenteringRightskip=\skip44
\RaggedLeftRightskip=\skip45
\RaggedRightRightskip=\skip46
\CenteringParfillskip=\skip47
\RaggedLeftParfillskip=\skip48
\RaggedRightParfillskip=\skip49
\JustifyingParfillskip=\skip50
\CenteringParindent=\skip51
\RaggedLeftParindent=\skip52
\RaggedRightParindent=\skip53
\JustifyingParindent=\skip54
) (c:/texlive/2018/texmf-dist/tex/latex/graphics/rotating.sty
Package: rotating 2016/08/11 v2.16d rotated objects in LaTeX
 (c:/texlive/2018/texmf-dist/tex/latex/base/ifthen.sty
Package: ifthen 2014/09/29 v1.1c Standard LaTeX ifthen package (DPC)
)
\c@r@tfl@t=\count87
\rotFPtop=\skip55
\rotFPbot=\skip56
\rot@float@box=\box27
\rot@mess@toks=\toks16
)
\draftskip=\count88
\c@section=\count89
\c@subsection=\count90
\c@subsubsection=\count91
\c@paragraph=\count92
\c@subparagraph=\count93
\c@figure=\count94
\c@table=\count95
\abovecaptionskip=\skip57
\belowcaptionskip=\skip58
\c@appendnum=\count96
\bibindent=\dimen109
 (c:/texlive/2018/texmf-dist/tex/latex/apacite/apacite.sty
Package: apacite 2013/07/21 v6.03 APA citation
\c@BibCnt=\count97
\bibleftmargin=\skip59
\bibindent=\skip60
\bibparsep=\skip61
\bibitemsep=\skip62
\biblabelsep=\skip63
)) (c:/GIT/MY_WORK/cosmic_rays_emd_Co_WC/article/trackchanges.sty
Package: trackchanges 2009/04/22 v0.7.0 TrackChanges file 
 (c:/texlive/2018/texmf-dist/tex/latex/tools/calc.sty
Package: calc 2017/05/25 v4.3 Infix arithmetic (KKT,FJ)
\calc@Acount=\count98
\calc@Bcount=\count99
\calc@Adimen=\dimen110
\calc@Bdimen=\dimen111
\calc@Askip=\skip64
\calc@Bskip=\skip65
LaTeX Info: Redefining \setlength on input line 80.
LaTeX Info: Redefining \addtolength on input line 81.
\calc@Ccount=\count100
\calc@Cskip=\skip66
) (c:/texlive/2018/texmf-dist/tex/latex/soul/soul.sty
Package: soul 2003/11/17 v2.4 letterspacing/underlining (mf)
\SOUL@word=\toks17
\SOUL@lasttoken=\toks18
\SOUL@cmds=\toks19
\SOUL@buffer=\toks20
\SOUL@token=\toks21
\SOUL@spaceskip=\skip67
\SOUL@ttwidth=\dimen112
\SOUL@uldp=\dimen113
\SOUL@ulht=\dimen114
) (c:/texlive/2018/texmf-dist/tex/latex/morefloats/morefloats.sty
Package: morefloats 2015/07/22 v1.0h Raise limit of unprocessed floats (HMM)
 (c:/texlive/2018/texmf-dist/tex/latex/oberdiek/kvoptions.sty
Package: kvoptions 2016/05/16 v3.12 Key value format for package options (HO)
 (c:/texlive/2018/texmf-dist/tex/generic/oberdiek/ltxcmds.sty
Package: ltxcmds 2016/05/16 v1.23 LaTeX kernel commands for general use (HO)
) (c:/texlive/2018/texmf-dist/tex/generic/oberdiek/kvsetkeys.sty
Package: kvsetkeys 2016/05/16 v1.17 Key value parser (HO)
 (c:/texlive/2018/texmf-dist/tex/generic/oberdiek/infwarerr.sty
Package: infwarerr 2016/05/16 v1.4 Providing info/warning/error messages (HO)
) (c:/texlive/2018/texmf-dist/tex/generic/oberdiek/etexcmds.sty
Package: etexcmds 2016/05/16 v1.6 Avoid name clashes with e-TeX commands (HO)
 (c:/texlive/2018/texmf-dist/tex/generic/oberdiek/ifluatex.sty
Package: ifluatex 2016/05/16 v1.4 Provides the ifluatex switch (HO)
Package ifluatex Info: LuaTeX not detected.
)
Package etexcmds Info: Could not find \expanded.
(etexcmds)             That can mean that you are not using pdfTeX 1.50 or
(etexcmds)             that some package has redefined \expanded.
(etexcmds)             In the latter case, load this package earlier.
)))
Package morefloats Info: Maximum number of possible floats asked for: 36
(morefloats)             (i.e. 18 more floats).
(morefloats)             LaTeX might run out of memory before this
(morefloats)             (in which case it will notify you).
)
\c@userid=\count101
\c@changenumber=\count102
\c@storefootnote=\count103
\c@numeditors=\count104
\c@maxeditors=\count105
) (c:/GIT/MY_WORK/cosmic_rays_emd_Co_WC/article/agujournaltemplate.aux)
\openout1 = `agujournaltemplate.aux'.

LaTeX Font Info:    Checking defaults for OML/cmm/m/it on input line 67.
LaTeX Font Info:    ... okay on input line 67.
LaTeX Font Info:    Checking defaults for T1/cmr/m/n on input line 67.
LaTeX Font Info:    ... okay on input line 67.
LaTeX Font Info:    Checking defaults for OT1/cmr/m/n on input line 67.
LaTeX Font Info:    ... okay on input line 67.
LaTeX Font Info:    Checking defaults for OMS/cmsy/m/n on input line 67.
LaTeX Font Info:    ... okay on input line 67.
LaTeX Font Info:    Checking defaults for OMX/cmex/m/n on input line 67.
LaTeX Font Info:    ... okay on input line 67.
LaTeX Font Info:    Checking defaults for U/cmr/m/n on input line 67.
LaTeX Font Info:    ... okay on input line 67.
 (c:/texlive/2018/texmf-dist/tex/context/base/mkii/supp-pdf.mkii
[Loading MPS to PDF converter (version 2006.09.02).]
\scratchcounter=\count106
\scratchdimen=\dimen115
\scratchbox=\box28
\nofMPsegments=\count107
\nofMParguments=\count108
\everyMPshowfont=\toks22
\MPscratchCnt=\count109
\MPscratchDim=\dimen116
\MPnumerator=\count110
\makeMPintoPDFobject=\count111
\everyMPtoPDFconversion=\toks23
) (c:/texlive/2018/texmf-dist/tex/latex/oberdiek/epstopdf-base.sty
Package: epstopdf-base 2016/05/15 v2.6 Base part for package epstopdf
 (c:/texlive/2018/texmf-dist/tex/latex/oberdiek/grfext.sty
Package: grfext 2016/05/16 v1.2 Manage graphics extensions (HO)
 (c:/texlive/2018/texmf-dist/tex/generic/oberdiek/kvdefinekeys.sty
Package: kvdefinekeys 2016/05/16 v1.4 Define keys (HO)
)) (c:/texlive/2018/texmf-dist/tex/generic/oberdiek/pdftexcmds.sty
Package: pdftexcmds 2018/01/30 v0.27 Utility functions of pdfTeX for LuaTeX (HO)
 (c:/texlive/2018/texmf-dist/tex/generic/oberdiek/ifpdf.sty
Package: ifpdf 2017/03/15 v3.2 Provides the ifpdf switch
)
Package pdftexcmds Info: LuaTeX not detected.
Package pdftexcmds Info: \pdf@primitive is available.
Package pdftexcmds Info: \pdf@ifprimitive is available.
Package pdftexcmds Info: \pdfdraftmode found.
)
Package epstopdf-base Info: Redefining graphics rule for `.eps' on input line 438.
Package grfext Info: Graphics extension search list:
(grfext)             [.pdf,.png,.jpg,.mps,.jpeg,.jbig2,.jb2,.PDF,.PNG,.JPG,.JPEG,.JBIG2,.JB2,.eps]
(grfext)             \AppendGraphicsExtensions on input line 456.
 (c:/texlive/2018/texmf-dist/tex/latex/latexconfig/epstopdf-sys.cfg
File: epstopdf-sys.cfg 2010/07/13 v1.3 Configuration of (r)epstopdf for TeX Live
)) ABD: EverySelectfont initializing macros
LaTeX Info: Redefining \selectfont on input line 67.
\c@maskedRefs=\count112
 (c:/texlive/2018/texmf-dist/tex/latex/apacite/english.apc
File: english.apc 2013/07/21 v6.03 apacite language file
LaTeX Info: Redefining \BPBI on input line 129.
LaTeX Info: Redefining \BHBI on input line 130.
)
LaTeX Font Info:    External font `cmex10' loaded for size
(Font)              <7> on input line 102.
LaTeX Font Info:    External font `cmex10' loaded for size
(Font)              <5> on input line 102.
LaTeX Font Info:    External font `cmex10' loaded for size
(Font)              <8> on input line 110.
LaTeX Font Info:    External font `cmex10' loaded for size
(Font)              <6> on input line 110.
 [1{c:/texlive/2018/texmf-var/fonts/map/pdftex/updmap/pdftex.map}]

LaTeX Font Warning: Font shape `OT1/cmr/m/n' in size <10.5> not available
(Font)              size <10.95> substituted on input line 200.


LaTeX Font Warning: Font shape `OT1/cmr/bx/n' in size <10.5> not available
(Font)              size <10.95> substituted on input line 200.


Overfull \hbox (7.3628pt too wide) in paragraph at lines 201--202
[]\OT1/cmr/m/n/10 Geomagnetic storms are ex-treme space weather events that are gen-er-ally thought 
 []


Overfull \hbox (11.7379pt too wide) in paragraph at lines 201--202
\OT1/cmr/m/n/10 to be caused by the in-ter-ac-tion be-tween the south-ward com-po-nent of the in-ter-plan-e-tary 
 []


Overfull \hbox (13.66852pt too wide) in paragraph at lines 201--202
\OT1/cmr/m/n/10 mag-netic field in the so-lar wind and the earth's magnetosphere[]Liu & Wan, 2014).Great 
 []


Overfull \hbox (13.34915pt too wide) in paragraph at lines 201--202
\OT1/cmr/m/n/10 ge-o-mag-netic storms(Kp$\OMS/cmsy/m/n/10 ^^U$\OT1/cmr/m/n/10 7) could af-fect satel-lites, air-crafts, VLF sig-nal prop-a-ga-tion and 
 []


Overfull \hbox (16.93248pt too wide) in paragraph at lines 201--202
\OT1/cmr/m/n/10 elec-tric po-ten-tial of power dis-tri-bu-tion network[]Dorman, 2005; Star-o-dubt-sev et al.[], 2019; 
 []


Overfull \hbox (57.32138pt too wide) in paragraph at lines 201--202
\OT1/cmr/m/n/10 Liu & Wan, 2014). Mean-while, great ge-o-mag-netic storms can also af-fect the ionosphere[]Kravtsova 
 []


Overfull \hbox (11.07143pt too wide) in paragraph at lines 201--202
\OT1/cmr/m/n/10 & Sdob-nov, 2016; Man-drikova et al.[], 2018) , magnetosphere[]Manninen et al.[], 2008) and 
 []


Overfull \hbox (6.93227pt too wide) in paragraph at lines 201--202
\OT1/cmr/m/n/10 even hurt pas-sen-gers on air-planes. Hence, the pre-dic-tion be-fore the sud-den com-mence- 
 []


Overfull \hbox (13.82123pt too wide) in paragraph at lines 201--202
\OT1/cmr/m/n/10 ment of the great ge-o-mag-netic storms is very im-por-tant to pre-vent these neg-a-tive ef-fect.  
 []


Overfull \hbox (12.12674pt too wide) in paragraph at lines 203--204
[]\OT1/cmr/m/n/10 Cosmic rays ob-served on Earth's sur-face were mod-u-lated by Earth's mag-netic, the 
 []


Overfull \hbox (46.26588pt too wide) in paragraph at lines 203--204
\OT1/cmr/m/n/10 in-ho-mo-ge-neous mag-netic field of the sun and the so-lar wind[]Mandrikova et al.[], 2018; Kravtsova 
 []


Overfull \hbox (6.12679pt too wide) in paragraph at lines 203--204
\OT1/cmr/m/n/10 & Sdob-nov, 2016). Due to the in-flu-ence of these fac-tors, the fea-tures of the cos-mic ray 
 []


Overfull \hbox (31.96036pt too wide) in paragraph at lines 203--204
\OT1/cmr/m/n/10 flux and anisotropy con-tain in-for-ma-tion about the dis-tur-bance of in-ter-plan-e-tary space[]Belov 
 []


Overfull \hbox (5.29352pt too wide) in paragraph at lines 203--204
\OT1/cmr/m/n/10 et al.[], 2003; Kichi-gin et al.[], 2017), which hid-den in the re-cur-rent and spo-radic (mainly 
 []


Overfull \hbox (1.37682pt too wide) in paragraph at lines 203--204
\OT1/cmr/m/n/10 caused by coro-nal mass ejec-tions(CMEs)) vari-a-tion of cos-mic ray. Through sta-tis-ti-cal 
 []


Overfull \hbox (24.36302pt too wide) in paragraph at lines 203--204
\OT1/cmr/m/n/10 anal-y-sis, []Zhang et al.[] (2007) noted that most of Ma-jor Ge-o-mag-netic Storms (60%) , which 
 []


Overfull \hbox (7.21007pt too wide) in paragraph at lines 203--204
\OT1/cmr/m/n/10 oc-cured be-tween 1996 and 2005, were as-so-ci-ated with a sin-gle CME at the sun, and 27 
 []


Overfull \hbox (12.33511pt too wide) in paragraph at lines 203--204
\OT1/cmr/m/n/10 per-cent of Ma-jor Ge-o-mag-netic Storms were as-so-ci-ated mul-ti-ple CMEs. []Shi et al.[] (2014) 
 []


Overfull \hbox (3.21019pt too wide) in paragraph at lines 203--204
\OT1/cmr/m/n/10 in-ves-ti-gated all mod-er-ate and strong ge-o-mag-netic storms be-tween 2007 and 2012, and 
 []


Overfull \hbox (26.57132pt too wide) in paragraph at lines 203--204
\OT1/cmr/m/n/10 ob-tained sim-i-lar re-sult. There-fore, ex-tract-ing the dis-tur-bance in-for-ma-tion caused by CMEs 
 []


Overfull \hbox (15.34906pt too wide) in paragraph at lines 203--204
\OT1/cmr/m/n/10 from cos-mic ray in-ten-sity ob-served on the Earth ground could pre-dict great ge-o-mag-netic 
 []


Overfull \hbox (18.96011pt too wide) in paragraph at lines 205--206
[]\OT1/cmr/m/n/10 Many au-thers have stud-ied to pre-dicted great ge-o-mag-netic storms by an-a-lyz-ing cos- 
 []


Overfull \hbox (11.87698pt too wide) in paragraph at lines 205--206
\OT1/cmr/m/n/10 mic ray data []Dorman, 1999; Mu-nakata et al.[], 2000; Kudela et al.[], 2001; Dor-man, 2005; 
 []


Overfull \hbox (2.48795pt too wide) in paragraph at lines 205--206
\OT1/cmr/m/n/10 Xue, 2007; Zhu et al.[], 2015).[]Dorman (1999) pre-sented that the great mag-netic storms 
 []


Overfull \hbox (9.54347pt too wide) in paragraph at lines 205--206
\OT1/cmr/m/n/10 ac-com-pa-nied by cos-mic ray Forbush-effects could be pre-dicted by ana-ly-is-ing cos-mic ray 
 []


Overfull \hbox (4.68246pt too wide) in paragraph at lines 205--206
\OT1/cmr/m/n/10 data. Sub-se-quent, []Munakata et al.[] (2000)firstly sys-tem-at-i-cally in-ves-ti-gated cos-mic ray 
 []


Overfull \hbox (10.32127pt too wide) in paragraph at lines 205--206
\OT1/cmr/m/n/10 pre-cur-sors of ge-o-mag-netic storms. They statis-ticed and an-a-lyzed 14 ma-jor ge-o-mag-netic 
 []


Overfull \hbox (13.87686pt too wide) in paragraph at lines 205--206
\OT1/cmr/m/n/10 storm and 25 large ge-o-mag-netic storms ob-served from 1992 to 1998, and noted that cos- 
 []


Overfull \hbox (30.96013pt too wide) in paragraph at lines 205--206
\OT1/cmr/m/n/10 mic ray pre-cur-sors will ap-pears 6   9 hours ahead to the large ge-o-mag-netic storms. Thought 
 []


Overfull \hbox (26.68245pt too wide) in paragraph at lines 205--206
\OT1/cmr/m/n/10 analysing on-line one-hour cos-mic ray in-ten-sity, []Dorman (2005) sug-gested that the Forbush- 
 []


Overfull \hbox (8.68231pt too wide) in paragraph at lines 205--206
\OT1/cmr/m/n/10 decrease in cos-mic ray could be used for pre-dict-ing strong ge-o-mag-netic storms 10 to 15 
 []


Overfull \hbox (19.04344pt too wide) in paragraph at lines 205--206
\OT1/cmr/m/n/10 hours in ad-vance. In fore-cast-ing prac-tice, []Xue (2007) used the de-vi-a-tion be-tween the cos- 
 []


Overfull \hbox (4.82123pt too wide) in paragraph at lines 205--206
\OT1/cmr/m/n/10 mic ray flux in 8h and the av-er-age flux in this pe-riod to re-flect the cos-mic ray fluc-tu-a- 
 []


Overfull \hbox (6.4602pt too wide) in paragraph at lines 205--206
\OT1/cmr/m/n/10 tions, and tested this al-go-rithm with data of whole year 2001. The fi-nal in-di-cated that 
 []


Overfull \hbox (23.26569pt too wide) in paragraph at lines 205--206
\OT1/cmr/m/n/10 the ac-cu-racy rate of this al-go-rithm was 80% and the er-ror rate was 20%. []Zhu et al.[] (2015) 
 []


Overfull \hbox (13.73795pt too wide) in paragraph at lines 205--206
\OT1/cmr/m/n/10 em-ployed mor-let wavelet to ex-tract the ab-nor-mal fluc-tu-a-tions of cos-mic ray be-fore great 
 []


Overfull \hbox (5.57126pt too wide) in paragraph at lines 205--206
\OT1/cmr/m/n/10 ge-o-mag-netic storms, and ad-vanced the fore-cast of great ge-o-mag-netic storms caused by 
 []


Overfull \hbox (15.15459pt too wide) in paragraph at lines 207--208
[]\OT1/cmr/m/n/10 To ex-tract-ing the spo-radic vari-a-tion from cos-mic ray flux, we uesd Em-pri-ical Mode 
 []


Overfull \hbox (8.71014pt too wide) in paragraph at lines 207--208
\OT1/cmr/m/n/10 De-com-poses (EMD) to an-a-lyze cos-mic ray in-ten-sity of oulu sta-tion. EMD is a key part 
 []


Overfull \hbox (13.43248pt too wide) in paragraph at lines 207--208
\OT1/cmr/m/n/10 of Hilbert-Huang transform[]Huang et al.[], 1998), which could de-com-pose the non-sta-tion- 
 []


Overfull \hbox (23.23807pt too wide) in paragraph at lines 207--208
\OT1/cmr/m/n/10 ary non-lin-ear sig-nal into a fi-nite set of in-trin-sic mod func-tion (IMF) and a trend[]Barnhart 
 []


Overfull \hbox (4.71024pt too wide) in paragraph at lines 207--208
\OT1/cmr/m/n/10 & Eichinger, 2011). Non-sta-tion-ary non-lin-ear sig-nal could be cearly di-vided into quasi- 
 []


Overfull \hbox (43.9326pt too wide) in paragraph at lines 207--208
\OT1/cmr/m/n/10 periodic os-cil-la-tory sig-nal and suer-im-posed ran-dom back-ground sig-nal by us-ing EMD[]Kolotkov 
 []


Overfull \hbox (6.79344pt too wide) in paragraph at lines 207--208
\OT1/cmr/m/n/10 et al.[], 2016). EMD has been widely in sapce weather be-cause of its pow-er-full abil-ity of 
 []


Overfull \hbox (2.68236pt too wide) in paragraph at lines 207--208
\OT1/cmr/m/n/10 de-com-po-si-tion which is based on the lo-cal char-ac-ter-istc timescal of the data[]Coughlin 
 []


Overfull \hbox (10.34914pt too wide) in paragraph at lines 207--208
\OT1/cmr/m/n/10 & Tung, 2004; Barn-hart & Eichinger, 2011; K^^?apyl^^?a, M. J. et al.[], 2016; Cho et al.[], 2016; 
 []


Underfull \vbox (badness 10000) has occurred while \output is active []

 [2]
Overfull \hbox (12.76563pt too wide) in paragraph at lines 209--210
[]\OT1/cmr/m/n/10 In the present pa-per, we use EMD to ex-tract the ran-dom back-ground sig-nal of the 
 []


Overfull \hbox (6.79344pt too wide) in paragraph at lines 209--210
\OT1/cmr/m/n/10 cos-mic ray in-ten-sity, which caused by CME. These ran-dom back-ground sig-nals con-tain 
 []


Overfull \hbox (11.37688pt too wide) in paragraph at lines 209--210
\OT1/cmr/m/n/10 the in-for-ma-tion about the dis-tur-bance of in-ter-plan-e-tary space caused by CME, and will 
 []


Overfull \hbox (6.79353pt too wide) in paragraph at lines 213--217
[]\OT1/cmr/m/n/10 Cosmic ray(CR) con-tain a lot of in-for-ma-tion, about sunspots in the long run and 
 []


Overfull \hbox (37.23799pt too wide) in paragraph at lines 213--217
\OT1/cmr/m/n/10 di-ur-nal vari-a-tions in the short run.Shocks driven by en-er-getic coro-nal mass ejec-tions (CME's) 
 []


Overfull \hbox (5.15466pt too wide) in paragraph at lines 213--217
\OT1/cmr/m/n/10 and other in-ter-plan-e-tary (IP) tran-sients are mainly re-spon-si-ble for ini-ti-at-ing large and 
 []


Overfull \hbox (8.73787pt too wide) in paragraph at lines 213--217
\OT1/cmr/m/n/10 in-tense geo- mag-netic storms. Ob-ser-va-tional re-sults in-di-cate that ga- lac-tic cos-mic rays 
 []


Overfull \hbox (9.58513pt too wide) in paragraph at lines 213--217
\OT1/cmr/m/n/10 (GR) com-ing from deep sur-face inte- ract with these ab-nor-mal so-lar and in-ter-plan-e-tary 
 []


Overfull \hbox (7.82123pt too wide) in paragraph at lines 213--217
\OT1/cmr/m/n/10 condi- tions and suf-fer mod-u-la-tion ef-fects. Most of the events are as-so-ci-ated with tran- 
 []


Overfull \hbox (5.48773pt too wide) in paragraph at lines 213--217
\OT1/cmr/m/n/10 sient de-creases in cos-mic ray in-ten-sity. In-tense storms are hav-ing their well de-fined so- 
 []


Overfull \hbox (11.96014pt too wide) in paragraph at lines 213--217
\OT1/cmr/m/n/10 lar ori-gin as dur-ing so-lar max-i-mum the oc-cur-rence rate is 55% while it is only 45% dur- 
 []


Overfull \hbox (19.40466pt too wide) in paragraph at lines 219--221
[]\OT1/cmr/m/n/10 Traditional sig-nal pro-cess-ing meth-ods can be de-v-ided into time-domain method and 
 []


Overfull \hbox (7.32141pt too wide) in paragraph at lines 221--221
[]\OT1/cmr/bx/n/10 Empirical Mod-ule De-com-p-i-si-tion and En-sem-ble Em-pir-i-cal Mod-ule 
 []


Overfull \hbox (25.79355pt too wide) in paragraph at lines 222--224
[]\OT1/cmr/m/n/10 EMD is a Vi-bra-tion sig-nals car-ry-ing a lot of in-for-ma-tion about the me-chan-i-cal equip- 
 []


Overfull \hbox (5.488pt too wide) in paragraph at lines 222--224
\OT1/cmr/m/n/10 ment health con-di-tion are fre-quently ap-plied to mon-i-tor the ma-chine health con-di-tion. 
 []


Overfull \hbox (5.98799pt too wide) in paragraph at lines 222--224
\OT1/cmr/m/n/10 The vi-bra-tion sig-nal de-com-po-si-tion is a crit-i-cal step in ma-chine health mon-i-tor-ing and 
 []


Overfull \hbox (10.01581pt too wide) in paragraph at lines 222--224
\OT1/cmr/m/n/10 fault di-ag-no-sis [1{3]. The meth-ods to de-com-pose vi-bra-tion sen-sor sig-nal mainly in-clude 
 []


Overfull \hbox (23.79352pt too wide) in paragraph at lines 222--224
\OT1/cmr/m/n/10 FFT, wavelet trans-form, and EMD [4]. Among these meth-ods, the FFT is one of the most 
 []


Overfull \hbox (7.07112pt too wide) in paragraph at lines 222--224
\OT1/cmr/m/n/10 widely used and well-established meth-ods. How-ever, there are some cru-cial re-stric-tions 
 []


Overfull \hbox (23.40463pt too wide) in paragraph at lines 222--224
\OT1/cmr/m/n/10 on the use of Fourier trans-form. On the one hand, the FFT is a typ-i-cal lin-ear and station- 
 []


Overfull \hbox (26.51582pt too wide) in paragraph at lines 222--224
\OT1/cmr/m/n/10 ary trans-form, which is not suit-able for non-sta-tion-ary sig-nal analy- sis. On the other hand, 
 []


Overfull \hbox (14.57138pt too wide) in paragraph at lines 222--224
\OT1/cmr/m/n/10 it is suit-able for global sig-nal anal-y-sis in-stead of lo-cal sig-nal anal-y-sis. Un-for-tu-nately, the 
 []


Overfull \hbox (8.26582pt too wide) in paragraph at lines 222--224
\OT1/cmr/m/n/10 vi-bra-tion sig-nals to be an-a-lyzed are of-ten non-sta-tion-ary and non-lin-ear es-pe-cially un-der 
 []


Overfull \hbox (17.2936pt too wide) in paragraph at lines 222--224
\OT1/cmr/m/n/10 time-varying op-er-a-tional con-di-tions. Hence, the FFT can-not fully ful-fill the re-quire-ments 
 []


Overfull \hbox (2.79352pt too wide) in paragraph at lines 222--224
\OT1/cmr/m/n/10 of health mon-i-tor-ing and fault di-ag-no-sis. Re-cently, wavelet trans-form has be-come one 
 []


Overfull \hbox (21.2103pt too wide) in paragraph at lines 222--224
\OT1/cmr/m/n/10 of the most pow-er-ful sig-nal pro-cess-ing tools on non-sta-tion-ary sig-nal de-com-po-si-tion [5{11]. 
 []


Overfull \hbox (9.84901pt too wide) in paragraph at lines 222--224
\OT1/cmr/m/n/10 De-tailed de-scrip-tions of the ex-ist-ing re-search on ap-pli-ca-tion of the wavelet trans-form in 
 []


Overfull \hbox (4.62688pt too wide) in paragraph at lines 222--224
\OT1/cmr/m/n/10 ma-chine con-di-tion mon-i-tor-ing and fault di-ag-nos-tics are re-viewed in Ref. [12]. In 1998, 
 []


Overfull \hbox (1.9603pt too wide) in paragraph at lines 222--224
\OT1/cmr/m/n/10 Huang et al. in-tro-duced the EMD method for an-a-lyz-ing data from non-sta-tion-ary and 
 []

(c:/GIT/MY_WORK/cosmic_rays_emd_Co_WC/article/agujournaltemplate.bbl
Underfull \hbox (badness 1097) in paragraph at lines 16--35
[]\OT1/cmr/m/n/10 Barnhart, B. L., & Eichinger, W. E.  (2011, Apr 01).  Anal-y-sis of sunspot vari-abil- 
 []


Underfull \hbox (badness 1028) in paragraph at lines 16--35
\OT1/cmr/m/n/10 ity us-ing the hilbert--huang trans-form.  \OT1/cmr/m/it/10 So-lar Physics\OT1/cmr/m/n/10 , \OT1/cmr/m/it/10 269\OT1/cmr/m/n/10 (2), 439--449.  Re- 
 []


Underfull \hbox (badness 2894) in paragraph at lines 16--35
\OT1/cmr/m/n/10 trieved from $\OT1/cmtt/m/n/10 https :// doi [] .org / 10 [] .1007 / s11207 [] -010 [] -9701 [] -6$   \OT1/cmr/m/n/10 doi: $10 [] .1007 / 
 []

[3]
Underfull \hbox (badness 10000) in paragraph at lines 47--64
[]\OT1/cmr/m/n/10 Belov, A. V., Bieber, J. W., Eroshenko, E. A., Even-song, P., Pyle, R., & Yan-kee, 
 []


Underfull \hbox (badness 10000) in paragraph at lines 80--101
[]\OT1/cmr/m/n/10 Cho, I.-H., Cho, K.-S., Nakari-akov, V. M., Kim, S., & Ku-mar, P.  (2016, oct). 
 []


Underfull \hbox (badness 10000) in paragraph at lines 80--101
\OT1/cmr/m/n/10 COM-PAR-I-SON OF DAMPED OS-CIL-LA-TIONS IN SO-LAR AND STEL- 
 []


Underfull \hbox (badness 3536) in paragraph at lines 80--101
\OT1/cmr/m/n/10 LAR x-RAY FLARES.  \OT1/cmr/m/it/10 The As-tro-phys-i-cal Jour-nal\OT1/cmr/m/n/10 , \OT1/cmr/m/it/10 830\OT1/cmr/m/n/10 (2), 110.  Re-trieved 
 []


Underfull \hbox (badness 10000) in paragraph at lines 80--101
\OT1/cmr/m/n/10 from $\OT1/cmtt/m/n/10 https :// doi [] .org / 10 [] .3847 % 2F0004 [] -637x % 2F830 % 2F2 % 2F110$   \OT1/cmr/m/n/10 doi: 
 []


Underfull \hbox (badness 1365) in paragraph at lines 115--128
\OT1/cmr/m/n/10 tracted by the em-pir-i-cal mode de-com-po-si-tion method.  \OT1/cmr/m/it/10 Ad-vances in Space Re- 
 []


Underfull \hbox (badness 10000) in paragraph at lines 165--183
[]\OT1/cmr/m/n/10 Dorman, L. I.  (2005).  Space weather and dan-ger-ous phe-nom-ena on the earth: 
 []


Underfull \hbox (badness 10000) in paragraph at lines 165--183
\OT1/cmr/m/n/10 prin-ci-ples of great ge-o-mag-netic storms for-cast-ing by on-line cos-mic ray 
 []


Underfull \hbox (badness 10000) in paragraph at lines 165--183
\OT1/cmr/m/n/10 data.  \OT1/cmr/m/it/10 An-nales Geo-phys-i-cae\OT1/cmr/m/n/10 , \OT1/cmr/m/it/10 23\OT1/cmr/m/n/10 (9), 2997--3002.  Re-trieved from $\OT1/cmtt/m/n/10 https :// 
 []


Underfull \hbox (badness 10000) in paragraph at lines 195--217
[]\OT1/cmr/m/n/10 Huang, N. E., Shen, Z., Long, S. R., Wu, M. C., Shih, H. H., Zheng, Q., ... Liu, 
 []


Underfull \hbox (badness 2334) in paragraph at lines 195--217
\OT1/cmr/m/n/10 H. H.  (1998).  The em-pir-i-cal mode de-com-po-si-tion and the hilbert spec-trum 
 []


Underfull \hbox (badness 4120) in paragraph at lines 195--217
\OT1/cmr/m/it/10 i-cal, Phys-i-cal and En-gi-neer-ing Sci-ences\OT1/cmr/m/n/10 , \OT1/cmr/m/it/10 454\OT1/cmr/m/n/10 (1971), 903--995.  Re-trieved from 
 []


Underfull \hbox (badness 10000) in paragraph at lines 231--246
\OT1/cmr/m/n/10 in the mag-ne-to-sphere as de-rived from ob-ser-va-tions of cos-mic rays dur-ing the 
 []


Underfull \hbox (badness 3343) in paragraph at lines 260--274
\OT1/cmr/m/n/10 de-com-po-si-tion anal-y-sis of ran-dom pro-cesses in the so-lar at-mo-sphere.  \OT1/cmr/m/it/10 As-tron- 
 []


Underfull \hbox (badness 5446) in paragraph at lines 288--301
[]\OT1/cmr/m/n/10 Kravtsova, M. V., & Sdob-nov, V. E.  (2016).  Cos-mic rays dur-ing great ge-o-mag- 
 []


Underfull \hbox (badness 3128) in paragraph at lines 288--301
\OT1/cmr/m/n/10 netic storms in cy-cle 23 of so-lar ac-tiv-ity.  \OT1/cmr/m/it/10 Ge-o-mag-netism & Aeron-omy\OT1/cmr/m/n/10 , \OT1/cmr/m/it/10 56\OT1/cmr/m/n/10 (2), 
 []


Underfull \hbox (badness 10000) in paragraph at lines 340--363
[]\OT1/cmr/m/n/10 K^^?apyl^^?a, M. J., K^^?apyl^^?a, P. J., Olspert, N., Bran-den-burg, A., War-necke, J., Karak, B. 
 []


Underfull \hbox (badness 2653) in paragraph at lines 405--429
[]\OT1/cmr/m/n/10 Mandrikova, O., Polo-zov, Y., Feti-sova, N., & Zalyaev, T.  (2018).  Anal-y-sis of the 
 []


Underfull \hbox (badness 10000) in paragraph at lines 405--429
\OT1/cmr/m/n/10 dy-nam-ics of iono-spheric pa-ram-e-ters dur-ing pe-ri-ods of in-creased so-lar ac- 
 []


Underfull \hbox (badness 10000) in paragraph at lines 405--429
\OT1/cmr/m/n/10 tiv-ity and mag-netic storms.  \OT1/cmr/m/it/10 Jour-nal of At-mo-spheric and Solar-Terrestrial 
 []


Underfull \hbox (badness 10000) in paragraph at lines 405--429
\OT1/cmr/m/it/10 Physics\OT1/cmr/m/n/10 , \OT1/cmr/m/it/10 181\OT1/cmr/m/n/10 , 116 - 126.  Re-trieved from $\OT1/cmtt/m/n/10 http :// www [] .sciencedirect [] .com / 
 []


Underfull \hbox (badness 10000) in paragraph at lines 405--429
\OT1/cmtt/m/n/10 science / article / pii / S1364682618301500$   \OT1/cmr/m/n/10 doi: $https :// doi [] .org / 10 [] .1016 / 
 []


Underfull \hbox (badness 10000) in paragraph at lines 441--467
[]\OT1/cmr/m/n/10 Manninen, J., Kleimen-ova, N. G., Kozyreva, O. V., Ranta, A., Kau-ristie, K., 
 []


Underfull \hbox (badness 7308) in paragraph at lines 441--467
\OT1/cmr/m/n/10 M^^?akinen, S., & Ko-rnilova, T. A.  (2008).  Ground-based ob-ser-va-tions dur- 
 []


Underfull \hbox (badness 10000) in paragraph at lines 441--467
\OT1/cmr/m/n/10 ing the pe-riod be-tween two strong novem-ber 2004 storms at-tributed to steady 
 []


Underfull \hbox (badness 4366) in paragraph at lines 441--467
\OT1/cmr/m/n/10 mag-ne-to-spheric con-vec-tion.  \OT1/cmr/m/it/10 Jour-nal of Geo-phys-i-cal Re-search: Space Physics\OT1/cmr/m/n/10 , 
 []


Underfull \hbox (badness 10000) in paragraph at lines 479--498
[]\OT1/cmr/m/n/10 Munakata, K., Bieber, J. W., Ya-sue, S. I., Kato, C., Koyama, M., Aka-hane, S., ... 
 []


Underfull \hbox (badness 3701) in paragraph at lines 479--498
\OT1/cmr/m/n/10 de-tec-tor net-work.  \OT1/cmr/m/it/10 Jour-nal of Geo-phys-i-cal Re-search Space Physics\OT1/cmr/m/n/10 , \OT1/cmr/m/it/10 105\OT1/cmr/m/n/10 (A12), 
 []


Underfull \vbox (badness 1264) has occurred while \output is active []

 [4]
Underfull \hbox (badness 1701) in paragraph at lines 512--526
[]\OT1/cmr/m/n/10 Shi, L. W., Shen, C. L., & Wang, Y. M.  (2014).  The in-ter-plan-e-tary ori-gins of ge- 
 []


Underfull \hbox (badness 10000) in paragraph at lines 542--558
\OT1/cmr/m/n/10 va-tional ev-i-dence for buf-fet-ing in-duced kink waves in so-lar mag-netic el-e-ments. 
 []


Underfull \hbox (badness 10000) in paragraph at lines 570--589
[]\OT1/cmr/m/n/10 Starodubtsev, S., Bai-shev, D., Grig-o-ryev, V., Ka-ri-mov, R., Ko-zlov, V., Ko-r-sakov, 
 []


Underfull \hbox (badness 1490) in paragraph at lines 570--589
\OT1/cmr/m/n/10 A., ... Moi-seev, A.  (2019).  An-a-lyz-ing so-lar, cos-mic, and geo-phys-i-cal events 
 []


Underfull \hbox (badness 2205) in paragraph at lines 570--589
\OT1/cmr/m/n/10 in septem-ber 2017 us-ing sh-i-cra sb ras com-plex ob-ser-va-tions.  \OT1/cmr/m/it/10 Solar-Terrestrial 
 []


Underfull \hbox (badness 6708) in paragraph at lines 603--622
[]\OT1/cmr/m/n/10 Xiang, N. B., & Qu, Z. N.  (2016, feb).  EN-SEM-BLE EM-PIR-I-CAL MODE DE- 
 []


Underfull \hbox (badness 10000) in paragraph at lines 603--622
\OT1/cmr/m/n/10 COM-PO-SI-TION OF THE MAG-NETIC FIELD OF THE SUN AS a STAR. 
 []


Underfull \hbox (badness 10000) in paragraph at lines 603--622
\OT1/cmr/m/it/10 The As-tro-nom-i-cal Jour-nal\OT1/cmr/m/n/10 , \OT1/cmr/m/it/10 151\OT1/cmr/m/n/10 (3), 76.  Re-trieved from $\OT1/cmtt/m/n/10 https :// doi [] .org / 
 []


Underfull \hbox (badness 6188) in paragraph at lines 634--646
[]\OT1/cmr/m/n/10 Xue, B.  (2007).  Pre-lim-i-nary at-tempt in pre-dic-tion the ge-o-mag-netic storm with 
 []


Underfull \hbox (badness 10000) in paragraph at lines 658--677
[]\OT1/cmr/m/n/10 Zhang, J., Richard-son, I., Webb, D. F., Gopal-swamy, N., Hut-tunen, E., Kasper, J., 
 []


Underfull \hbox (badness 10000) in paragraph at lines 658--677
\OT1/cmr/m/n/10 storms (dst less than or equal to -100 nt) dur-ing 1996 - 2005.  \OT1/cmr/m/it/10 So-ci-ol-ogy & 
 []


Underfull \hbox (badness 10000) in paragraph at lines 692--707
\OT1/cmr/m/n/10 anal-y-sis of cos-mic ray in pre-dic-tion of great ge-o-mag-netic storms.  \OT1/cmr/m/it/10 Chi-nese 
 []

) [5] (c:/GIT/MY_WORK/cosmic_rays_emd_Co_WC/article/agujournaltemplate.aux)

LaTeX Font Warning: Size substitutions with differences
(Font)              up to 0.45pt have occurred.

 ) 
Here is how much of TeX's memory you used:
 3303 strings out of 492649
 45818 string characters out of 6133384
 127905 words of memory out of 5000000
 7131 multiletter control sequences out of 15000+600000
 8922 words of font info for 32 fonts, out of 8000000 for 9000
 1147 hyphenation exceptions out of 8191
 43i,8n,37p,1569b,318s stack positions out of 5000i,500n,10000p,200000b,80000s
<c:/texlive/2018/texmf-dist/fonts/type1/public/amsfonts/cm/cmbx10.pfb><c:/texlive/2018/texmf-dist/fonts/type1/public/amsfonts/cm/cmbx12.pfb><c:/texlive/2018/texmf-dist/fonts/type1/public/amsfonts/cm/cmr10.pfb><c:/texlive/2018/texmf-dist/fonts/type1/public/amsfonts/cm/cmr6.pfb><c:/texlive/2018/texmf-dist/fonts/type1/public/amsfonts/cm/cmr7.pfb><c:/texlive/2018/texmf-dist/fonts/type1/public/amsfonts/cm/cmr8.pfb><c:/texlive/2018/texmf-dist/fonts/type1/public/amsfonts/cm/cmr9.pfb><c:/texlive/2018/texmf-dist/fonts/type1/public/amsfonts/cm/cmss8.pfb><c:/texlive/2018/texmf-dist/fonts/type1/public/amsfonts/cm/cmsy10.pfb><c:/texlive/2018/texmf-dist/fonts/type1/public/amsfonts/cm/cmsy5.pfb><c:/texlive/2018/texmf-dist/fonts/type1/public/amsfonts/cm/cmti10.pfb><c:/texlive/2018/texmf-dist/fonts/type1/public/amsfonts/cm/cmti9.pfb><c:/texlive/2018/texmf-dist/fonts/type1/public/amsfonts/cm/cmtt10.pfb><c:/texlive/2018/texmf-dist/fonts/type1/public/amsfonts/cm/cmtt9.pfb>
Output written on c:/GIT/MY_WORK/cosmic_rays_emd_Co_WC/article/agujournaltemplate.pdf (5 pages, 180587 bytes).
PDF statistics:
 76 PDF objects out of 1000 (max. 8388607)
 54 compressed objects within 1 object stream
 0 named destinations out of 1000 (max. 500000)
 1 words of extra memory for PDF output out of 10000 (max. 10000000)

